This file contains any messages produced by compilers while
running configure, to aid debugging if configure makes a mistake.

It was created by OpenArray configure 1.0, which was
generated by GNU Autoconf 2.69.  Invocation command line was

  $ ./configure --prefix=/home/gaopeng/install PNETCDF_DIR=/home/gaopeng/pnetcdf

## --------- ##
## Platform. ##
## --------- ##

hostname = earth.localdomain
uname -m = x86_64
uname -r = 3.10.0-862.3.2.el7.x86_64
uname -s = Linux
uname -v = #1 SMP Mon May 21 23:36:36 UTC 2018

/usr/bin/uname -p = x86_64
/bin/uname -X     = unknown

/bin/arch              = x86_64
/usr/bin/arch -k       = unknown
/usr/convex/getsysinfo = unknown
/usr/bin/hostinfo      = unknown
/bin/machine           = unknown
/usr/bin/oslevel       = unknown
/bin/universe          = unknown

PATH: /home/app/llvm/bin
PATH: /home/app/lib-intel/pnetcdf-1.7.0/bin
PATH: /home/app/lib-intel/hdf5/bin
PATH: /home/app/intel/advisor_2018.1.1.535164/bin64
PATH: /home/app/intel/vtune_amplifier_2018.1.0.535340/bin64
PATH: /home/app/intel/inspector_2018.1.1.535159/bin64
PATH: /home/app/intel/itac/2018.1.017/intel64/bin
PATH: /home/app/intel/itac/2018.1.017/intel64/bin
PATH: /home/app/intel/clck/2018.1/bin/intel64
PATH: /home/app/intel/compilers_and_libraries_2018.1.163/linux/bin/intel64
PATH: /home/app/intel/compilers_and_libraries_2018.1.163/linux/mpi/intel64/bin
PATH: /home/app/cmake-3.10.0/bin
PATH: /home/app/gcc-7.3/bin
PATH: /home/app/llvm/bin
PATH: /home/app/lib-intel/pnetcdf-1.7.0/bin
PATH: /home/app/lib-intel/hdf5/bin
PATH: /home/app/intel/advisor_2018.1.1.535164/bin64
PATH: /home/app/intel/vtune_amplifier_2018.1.0.535340/bin64
PATH: /home/app/intel/inspector_2018.1.1.535159/bin64
PATH: /home/app/intel/itac/2018.1.017/intel64/bin
PATH: /home/app/intel/itac/2018.1.017/intel64/bin
PATH: /home/app/intel/clck/2018.1/bin/intel64
PATH: /home/app/intel/compilers_and_libraries_2018.1.163/linux/bin/intel64
PATH: /home/app/intel/compilers_and_libraries_2018.1.163/linux/mpi/intel64/bin
PATH: /home/app/cmake-3.10.0/bin
PATH: /home/app/gcc-7.3/bin
PATH: /home/app/ompi-gcc-7.3/bin
PATH: /usr/local/bin
PATH: /usr/bin
PATH: /usr/local/sbin
PATH: /usr/sbin
PATH: /home/gaopeng/.local/bin
PATH: /home/gaopeng/bin
PATH: /home/gaopeng/.local/bin
PATH: /home/gaopeng/bin
PATH: /home/app/intel/parallel_studio_xe_2018.1.038/bin
PATH: /home/app/intel/parallel_studio_xe_2018.1.038/bin


## ----------- ##
## Core tests. ##
## ----------- ##

configure:2672: checking for a BSD-compatible install
configure:2740: result: /usr/bin/install -c
configure:2751: checking whether build environment is sane
configure:2806: result: yes
configure:2957: checking for a thread-safe mkdir -p
configure:2996: result: /usr/bin/mkdir -p
configure:3003: checking for gawk
configure:3019: found /usr/bin/gawk
configure:3030: result: gawk
configure:3041: checking whether make sets $(MAKE)
configure:3063: result: yes
configure:3092: checking whether make supports nested variables
configure:3109: result: yes
configure:3227: checking for grep that handles long lines and -e
configure:3285: result: /usr/bin/grep
configure:3290: checking for egrep
configure:3352: result: /usr/bin/grep -E
configure:3361: checking for rm
configure:3377: found /usr/bin/rm
configure:3388: result: rm
configure:3403: checking for time
configure:3419: found /usr/bin/time
configure:3430: result: time
configure:3445: checking for nproc
configure:3461: found /usr/bin/nproc
configure:3472: result: nproc
configure:3881: checking for mpicc
configure:3899: found /home/app/intel/compilers_and_libraries_2018.1.163/linux/mpi/intel64/bin/mpicc
configure:3911: result: /home/app/intel/compilers_and_libraries_2018.1.163/linux/mpi/intel64/bin/mpicc
configure:4002: checking for gcc
configure:4029: result: /home/app/intel/compilers_and_libraries_2018.1.163/linux/mpi/intel64/bin/mpicc 
configure:4258: checking for C compiler version
configure:4267: /home/app/intel/compilers_and_libraries_2018.1.163/linux/mpi/intel64/bin/mpicc  --version >&5
gcc (GCC) 7.3.0
Copyright (C) 2017 Free Software Foundation, Inc.
This is free software; see the source for copying conditions.  There is NO
warranty; not even for MERCHANTABILITY or FITNESS FOR A PARTICULAR PURPOSE.

configure:4278: $? = 0
configure:4267: /home/app/intel/compilers_and_libraries_2018.1.163/linux/mpi/intel64/bin/mpicc  -v >&5
mpigcc for the Intel(R) MPI Library 2018 Update 1 for Linux*
Copyright(C) 2003-2017, Intel Corporation.  All rights reserved.
Using built-in specs.
COLLECT_GCC=gcc
COLLECT_LTO_WRAPPER=/home/app/gcc-7.3/libexec/gcc/x86_64-pc-linux-gnu/7.3.0/lto-wrapper
Target: x86_64-pc-linux-gnu
Configured with: ./configure --prefix=/home/app/gcc-7.3/ --enable-languages=c,c++,fortran --disable-multilib
Thread model: posix
gcc version 7.3.0 (GCC) 
configure:4278: $? = 0
configure:4267: /home/app/intel/compilers_and_libraries_2018.1.163/linux/mpi/intel64/bin/mpicc  -V >&5
gcc: error: unrecognized command line option '-V'
configure:4278: $? = 1
configure:4267: /home/app/intel/compilers_and_libraries_2018.1.163/linux/mpi/intel64/bin/mpicc  -qversion >&5
gcc: error: unrecognized command line option '-qversion'; did you mean '--version'?
configure:4278: $? = 1
configure:4298: checking whether the C compiler works
configure:4320: /home/app/intel/compilers_and_libraries_2018.1.163/linux/mpi/intel64/bin/mpicc     conftest.c  >&5
configure:4324: $? = 0
configure:4372: result: yes
configure:4375: checking for C compiler default output file name
configure:4377: result: a.out
configure:4383: checking for suffix of executables
configure:4390: /home/app/intel/compilers_and_libraries_2018.1.163/linux/mpi/intel64/bin/mpicc  -o conftest    conftest.c  >&5
configure:4394: $? = 0
configure:4416: result: 
configure:4438: checking whether we are cross compiling
configure:4446: /home/app/intel/compilers_and_libraries_2018.1.163/linux/mpi/intel64/bin/mpicc  -o conftest    conftest.c  >&5
configure:4450: $? = 0
configure:4457: ./conftest
configure:4461: $? = 0
configure:4476: result: no
configure:4481: checking for suffix of object files
configure:4503: /home/app/intel/compilers_and_libraries_2018.1.163/linux/mpi/intel64/bin/mpicc  -c   conftest.c >&5
configure:4507: $? = 0
configure:4528: result: o
configure:4532: checking whether we are using the GNU C compiler
configure:4551: /home/app/intel/compilers_and_libraries_2018.1.163/linux/mpi/intel64/bin/mpicc  -c   conftest.c >&5
configure:4551: $? = 0
configure:4560: result: yes
configure:4569: checking whether /home/app/intel/compilers_and_libraries_2018.1.163/linux/mpi/intel64/bin/mpicc  accepts -g
configure:4589: /home/app/intel/compilers_and_libraries_2018.1.163/linux/mpi/intel64/bin/mpicc  -c -g  conftest.c >&5
configure:4589: $? = 0
configure:4630: result: yes
configure:4647: checking for /home/app/intel/compilers_and_libraries_2018.1.163/linux/mpi/intel64/bin/mpicc  option to accept ISO C89
configure:4710: /home/app/intel/compilers_and_libraries_2018.1.163/linux/mpi/intel64/bin/mpicc   -c -g -O2  conftest.c >&5
configure:4710: $? = 0
configure:4723: result: none needed
configure:4748: checking whether /home/app/intel/compilers_and_libraries_2018.1.163/linux/mpi/intel64/bin/mpicc  understands -c and -o together
configure:4770: /home/app/intel/compilers_and_libraries_2018.1.163/linux/mpi/intel64/bin/mpicc  -c conftest.c -o conftest2.o
configure:4773: $? = 0
configure:4770: /home/app/intel/compilers_and_libraries_2018.1.163/linux/mpi/intel64/bin/mpicc  -c conftest.c -o conftest2.o
configure:4773: $? = 0
configure:4785: result: yes
configure:4916: checking for C++ compiler version
configure:4925: mpicxx --version >&5
g++ (GCC) 7.3.0
Copyright (C) 2017 Free Software Foundation, Inc.
This is free software; see the source for copying conditions.  There is NO
warranty; not even for MERCHANTABILITY or FITNESS FOR A PARTICULAR PURPOSE.

configure:4936: $? = 0
configure:4925: mpicxx -v >&5
mpigxx for the Intel(R) MPI Library 2018 Update 1 for Linux*
Copyright(C) 2003-2017, Intel Corporation.  All rights reserved.
Using built-in specs.
COLLECT_GCC=g++
COLLECT_LTO_WRAPPER=/home/app/gcc-7.3/libexec/gcc/x86_64-pc-linux-gnu/7.3.0/lto-wrapper
Target: x86_64-pc-linux-gnu
Configured with: ./configure --prefix=/home/app/gcc-7.3/ --enable-languages=c,c++,fortran --disable-multilib
Thread model: posix
gcc version 7.3.0 (GCC) 
configure:4936: $? = 0
configure:4925: mpicxx -V >&5
g++: error: unrecognized command line option '-V'
configure:4936: $? = 1
configure:4925: mpicxx -qversion >&5
g++: error: unrecognized command line option '-qversion'; did you mean '--version'?
configure:4936: $? = 1
configure:4940: checking whether we are using the GNU C++ compiler
configure:4959: mpicxx -c   conftest.cpp >&5
configure:4959: $? = 0
configure:4968: result: yes
configure:4977: checking whether mpicxx accepts -g
configure:4997: mpicxx -c -g  conftest.cpp >&5
configure:4997: $? = 0
configure:5038: result: yes
configure:5063: checking for MPI_Comm_rank
configure:5063: /home/app/intel/compilers_and_libraries_2018.1.163/linux/mpi/intel64/bin/mpicc  -o conftest -g -O2   conftest.c  >&5
configure:5063: $? = 0
configure:5063: result: yes
configure:5135: checking for MPI_File_open
configure:5135: /home/app/intel/compilers_and_libraries_2018.1.163/linux/mpi/intel64/bin/mpicc  -o conftest -g -O2   conftest.c  >&5
configure:5135: $? = 0
configure:5135: result: yes
configure:5206: checking MPI C compiler base
configure:5281: result: GCC
configure:5312: checking MPI version
configure:5314: /home/app/intel/compilers_and_libraries_2018.1.163/linux/mpi/intel64/bin/mpicc  -o conftest -g -O2   conftest.c  >&5
configure:5314: $? = 0
configure:5314: ./conftest
configure:5314: $? = 0
configure:5318: /home/app/intel/compilers_and_libraries_2018.1.163/linux/mpi/intel64/bin/mpicc  -o conftest -g -O2   conftest.c  >&5
configure:5318: $? = 0
configure:5318: ./conftest
configure:5318: $? = 0
configure:5326: result: 3.1
configure:5330: checking whether MPICH_VERSION is declared
configure:5330: /home/app/intel/compilers_and_libraries_2018.1.163/linux/mpi/intel64/bin/mpicc  -c -g -O2  conftest.c >&5
configure:5330: $? = 0
configure:5330: result: yes
configure:5341: checking whether MPICH2_VERSION is declared
configure:5341: /home/app/intel/compilers_and_libraries_2018.1.163/linux/mpi/intel64/bin/mpicc  -c -g -O2  conftest.c >&5
conftest.c: In function 'main':
conftest.c:19:10: error: 'MPICH2_VERSION' undeclared (first use in this function); did you mean 'MPICH_VERSION'?
   (void) MPICH2_VERSION;
          ^~~~~~~~~~~~~~
          MPICH_VERSION
conftest.c:19:10: note: each undeclared identifier is reported only once for each function it appears in
configure:5341: $? = 1
configure: failed program was:
| /* confdefs.h */
| #define PACKAGE_NAME "OpenArray"
| #define PACKAGE_TARNAME "openarray"
| #define PACKAGE_VERSION "1.0"
| #define PACKAGE_STRING "OpenArray 1.0"
| #define PACKAGE_BUGREPORT ""
| #define PACKAGE_URL ""
| #define HAVE_DECL_MPICH_VERSION 1
| /* end confdefs.h.  */
| #include <mpi.h>
| 
| int
| main ()
| {
| #ifndef MPICH2_VERSION
| #ifdef __cplusplus
|   (void) MPICH2_VERSION;
| #else
|   (void) MPICH2_VERSION;
| #endif
| #endif
| 
|   ;
|   return 0;
| }
configure:5341: result: no
configure:5352: checking whether OMPI_MAJOR_VERSION is declared
configure:5352: /home/app/intel/compilers_and_libraries_2018.1.163/linux/mpi/intel64/bin/mpicc  -c -g -O2  conftest.c >&5
conftest.c: In function 'main':
conftest.c:20:10: error: 'OMPI_MAJOR_VERSION' undeclared (first use in this function); did you mean 'MPI_SUBVERSION'?
   (void) OMPI_MAJOR_VERSION;
          ^~~~~~~~~~~~~~~~~~
          MPI_SUBVERSION
conftest.c:20:10: note: each undeclared identifier is reported only once for each function it appears in
configure:5352: $? = 1
configure: failed program was:
| /* confdefs.h */
| #define PACKAGE_NAME "OpenArray"
| #define PACKAGE_TARNAME "openarray"
| #define PACKAGE_VERSION "1.0"
| #define PACKAGE_STRING "OpenArray 1.0"
| #define PACKAGE_BUGREPORT ""
| #define PACKAGE_URL ""
| #define HAVE_DECL_MPICH_VERSION 1
| #define HAVE_DECL_MPICH2_VERSION 0
| /* end confdefs.h.  */
| #include <mpi.h>
| 
| int
| main ()
| {
| #ifndef OMPI_MAJOR_VERSION
| #ifdef __cplusplus
|   (void) OMPI_MAJOR_VERSION;
| #else
|   (void) OMPI_MAJOR_VERSION;
| #endif
| #endif
| 
|   ;
|   return 0;
| }
configure:5352: result: no
configure:5363: checking whether MVAPICH2_VERSION is declared
configure:5363: /home/app/intel/compilers_and_libraries_2018.1.163/linux/mpi/intel64/bin/mpicc  -c -g -O2  conftest.c >&5
conftest.c: In function 'main':
conftest.c:21:10: error: 'MVAPICH2_VERSION' undeclared (first use in this function); did you mean 'MPICH_VERSION'?
   (void) MVAPICH2_VERSION;
          ^~~~~~~~~~~~~~~~
          MPICH_VERSION
conftest.c:21:10: note: each undeclared identifier is reported only once for each function it appears in
configure:5363: $? = 1
configure: failed program was:
| /* confdefs.h */
| #define PACKAGE_NAME "OpenArray"
| #define PACKAGE_TARNAME "openarray"
| #define PACKAGE_VERSION "1.0"
| #define PACKAGE_STRING "OpenArray 1.0"
| #define PACKAGE_BUGREPORT ""
| #define PACKAGE_URL ""
| #define HAVE_DECL_MPICH_VERSION 1
| #define HAVE_DECL_MPICH2_VERSION 0
| #define HAVE_DECL_OMPI_MAJOR_VERSION 0
| /* end confdefs.h.  */
| #include <mpi.h>
| 
| int
| main ()
| {
| #ifndef MVAPICH2_VERSION
| #ifdef __cplusplus
|   (void) MVAPICH2_VERSION;
| #else
|   (void) MVAPICH2_VERSION;
| #endif
| #endif
| 
|   ;
|   return 0;
| }
configure:5363: result: no
configure:5375: checking MPI vendor
configure:5398: result: MPICH 
configure:5432: checking build system type
configure:5446: result: x86_64-pc-linux-gnu
configure:5466: checking host system type
configure:5479: result: x86_64-pc-linux-gnu
configure:5549: checking for ar
configure:5565: found /usr/bin/ar
configure:5576: result: ar
configure:5602: checking the archiver (ar) interface
configure:5618: /home/app/intel/compilers_and_libraries_2018.1.163/linux/mpi/intel64/bin/mpicc  -c -g -O2  conftest.c >&5
configure:5618: $? = 0
configure:5620: ar cru libconftest.a conftest.o >&5
configure:5623: $? = 0
configure:5651: result: ar
configure:5983: checking for mpicxx
configure:6001: found /home/app/intel/compilers_and_libraries_2018.1.163/linux/mpi/intel64/bin/mpicxx
configure:6013: result: /home/app/intel/compilers_and_libraries_2018.1.163/linux/mpi/intel64/bin/mpicxx
configure:6191: checking for C++ compiler version
configure:6200: /home/app/intel/compilers_and_libraries_2018.1.163/linux/mpi/intel64/bin/mpicxx  --version >&5
g++ (GCC) 7.3.0
Copyright (C) 2017 Free Software Foundation, Inc.
This is free software; see the source for copying conditions.  There is NO
warranty; not even for MERCHANTABILITY or FITNESS FOR A PARTICULAR PURPOSE.

configure:6211: $? = 0
configure:6200: /home/app/intel/compilers_and_libraries_2018.1.163/linux/mpi/intel64/bin/mpicxx  -v >&5
mpigxx for the Intel(R) MPI Library 2018 Update 1 for Linux*
Copyright(C) 2003-2017, Intel Corporation.  All rights reserved.
Using built-in specs.
COLLECT_GCC=g++
COLLECT_LTO_WRAPPER=/home/app/gcc-7.3/libexec/gcc/x86_64-pc-linux-gnu/7.3.0/lto-wrapper
Target: x86_64-pc-linux-gnu
Configured with: ./configure --prefix=/home/app/gcc-7.3/ --enable-languages=c,c++,fortran --disable-multilib
Thread model: posix
gcc version 7.3.0 (GCC) 
configure:6211: $? = 0
configure:6200: /home/app/intel/compilers_and_libraries_2018.1.163/linux/mpi/intel64/bin/mpicxx  -V >&5
g++: error: unrecognized command line option '-V'
configure:6211: $? = 1
configure:6200: /home/app/intel/compilers_and_libraries_2018.1.163/linux/mpi/intel64/bin/mpicxx  -qversion >&5
g++: error: unrecognized command line option '-qversion'; did you mean '--version'?
configure:6211: $? = 1
configure:6215: checking whether we are using the GNU C++ compiler
configure:6243: result: yes
configure:6252: checking whether /home/app/intel/compilers_and_libraries_2018.1.163/linux/mpi/intel64/bin/mpicxx  accepts -g
configure:6313: result: yes
configure:6346: checking for MPI_File_close
configure:6346: /home/app/intel/compilers_and_libraries_2018.1.163/linux/mpi/intel64/bin/mpicxx  -o conftest -g -O2   conftest.cpp  >&5
configure:6346: $? = 0
configure:6346: result: yes
configure:6436: checking whether MPI C++ compiler redefines SEEK_SET 
configure:6453: /home/app/intel/compilers_and_libraries_2018.1.163/linux/mpi/intel64/bin/mpicxx  -c -g -O2  conftest.cpp >&5
configure:6453: $? = 0
configure:6460: result: no
configure:6648: checking for mpif77
configure:6666: found /home/app/intel/compilers_and_libraries_2018.1.163/linux/mpi/intel64/bin/mpif77
configure:6678: result: /home/app/intel/compilers_and_libraries_2018.1.163/linux/mpi/intel64/bin/mpif77
configure:6913: checking for mpif90
configure:6931: found /home/app/intel/compilers_and_libraries_2018.1.163/linux/mpi/intel64/bin/mpif90
configure:6943: result: /home/app/intel/compilers_and_libraries_2018.1.163/linux/mpi/intel64/bin/mpif90
configure:7174: checking for Fortran compiler version
configure:7183: /home/app/intel/compilers_and_libraries_2018.1.163/linux/mpi/intel64/bin/mpif90 --version >&5
GNU Fortran (GCC) 7.3.0
Copyright (C) 2017 Free Software Foundation, Inc.
This is free software; see the source for copying conditions.  There is NO
warranty; not even for MERCHANTABILITY or FITNESS FOR A PARTICULAR PURPOSE.

configure:7194: $? = 0
configure:7183: /home/app/intel/compilers_and_libraries_2018.1.163/linux/mpi/intel64/bin/mpif90 -v >&5
mpif90 for the Intel(R) MPI Library 2018 Update 1 for Linux*
Copyright(C) 2003-2017, Intel Corporation.  All rights reserved.
Using built-in specs.
COLLECT_GCC=gfortran
COLLECT_LTO_WRAPPER=/home/app/gcc-7.3/libexec/gcc/x86_64-pc-linux-gnu/7.3.0/lto-wrapper
Target: x86_64-pc-linux-gnu
Configured with: ./configure --prefix=/home/app/gcc-7.3/ --enable-languages=c,c++,fortran --disable-multilib
Thread model: posix
gcc version 7.3.0 (GCC) 
configure:7194: $? = 0
configure:7183: /home/app/intel/compilers_and_libraries_2018.1.163/linux/mpi/intel64/bin/mpif90 -V >&5
gfortran: error: unrecognized command line option '-V'
configure:7194: $? = 1
configure:7183: /home/app/intel/compilers_and_libraries_2018.1.163/linux/mpi/intel64/bin/mpif90 -qversion >&5
gfortran: error: unrecognized command line option '-qversion'; did you mean '--version'?
configure:7194: $? = 1
configure:7203: checking whether we are using the GNU Fortran compiler
configure:7216: /home/app/intel/compilers_and_libraries_2018.1.163/linux/mpi/intel64/bin/mpif90 -c   conftest.F >&5
configure:7216: $? = 0
configure:7225: result: yes
configure:7231: checking whether /home/app/intel/compilers_and_libraries_2018.1.163/linux/mpi/intel64/bin/mpif90 accepts -g
configure:7242: /home/app/intel/compilers_and_libraries_2018.1.163/linux/mpi/intel64/bin/mpif90 -c -g  conftest.f >&5
configure:7242: $? = 0
configure:7250: result: yes
configure:7285: checking how to get verbose linking output from /home/app/intel/compilers_and_libraries_2018.1.163/linux/mpi/intel64/bin/mpif90
configure:7295: /home/app/intel/compilers_and_libraries_2018.1.163/linux/mpi/intel64/bin/mpif90 -c -g -O2  conftest.f >&5
configure:7295: $? = 0
configure:7313: /home/app/intel/compilers_and_libraries_2018.1.163/linux/mpi/intel64/bin/mpif90 -o conftest -g -O2 -v conftest.f
mpif90 for the Intel(R) MPI Library 2018 Update 1 for Linux*
Copyright(C) 2003-2017, Intel Corporation.  All rights reserved.
Using built-in specs.
Target: x86_64-pc-linux-gnu
Thread model: posix
gcc version 7.3.0 (GCC) 
 /home/app/gcc-7.3/libexec/gcc/x86_64-pc-linux-gnu/7.3.0/f951 conftest.f -ffixed-form -I /home/app/intel/compilers_and_libraries_2018.1.163/linux/mpi/intel64/include/gfortran -I /home/app/intel/compilers_and_libraries_2018.1.163/linux/mpi/intel64/include -quiet -dumpbase conftest.f -mtune=generic -march=x86-64 -auxbase conftest -g -O2 -version -fintrinsic-modules-path /home/app/gcc-7.3/lib/gcc/x86_64-pc-linux-gnu/7.3.0/finclude -o /tmp/cccwUio6.s
GNU Fortran (GCC) version 7.3.0 (x86_64-pc-linux-gnu)
	compiled by GNU C version 7.3.0, GMP version 6.0.0, MPFR version 3.1.1, MPC version 1.0.1, isl version none
GGC heuristics: --param ggc-min-expand=100 --param ggc-min-heapsize=131072
GNU Fortran2008 (GCC) version 7.3.0 (x86_64-pc-linux-gnu)
	compiled by GNU C version 7.3.0, GMP version 6.0.0, MPFR version 3.1.1, MPC version 1.0.1, isl version none
GGC heuristics: --param ggc-min-expand=100 --param ggc-min-heapsize=131072
 as -v -I /home/app/intel/compilers_and_libraries_2018.1.163/linux/mpi/intel64/include/gfortran -I /home/app/intel/compilers_and_libraries_2018.1.163/linux/mpi/intel64/include --64 -o /tmp/cc260L3I.o /tmp/cccwUio6.s
GNU assembler version 2.27 (x86_64-redhat-linux) using BFD version version 2.27-27.base.el7
Reading specs from /home/app/gcc-7.3/lib/gcc/x86_64-pc-linux-gnu/7.3.0/../../../../lib64/libgfortran.spec
rename spec lib to liborig
 /home/app/gcc-7.3/libexec/gcc/x86_64-pc-linux-gnu/7.3.0/collect2 -plugin /home/app/gcc-7.3/libexec/gcc/x86_64-pc-linux-gnu/7.3.0/liblto_plugin.so -plugin-opt=/home/app/gcc-7.3/libexec/gcc/x86_64-pc-linux-gnu/7.3.0/lto-wrapper -plugin-opt=-fresolution=/tmp/cc6lLtKl.res -plugin-opt=-pass-through=-lgcc_s -plugin-opt=-pass-through=-lgcc -plugin-opt=-pass-through=-lquadmath -plugin-opt=-pass-through=-lm -plugin-opt=-pass-through=-lgcc_s -plugin-opt=-pass-through=-lgcc -plugin-opt=-pass-through=-lc -plugin-opt=-pass-through=-lgcc_s -plugin-opt=-pass-through=-lgcc --eh-frame-hdr -m elf_x86_64 -dynamic-linker /lib64/ld-linux-x86-64.so.2 -o conftest /lib/../lib64/crt1.o /lib/../lib64/crti.o /home/app/gcc-7.3/lib/gcc/x86_64-pc-linux-gnu/7.3.0/crtbegin.o -L/home/app/intel/compilers_and_libraries_2018.1.163/linux/mpi/intel64/lib/debug_mt -L/home/app/intel/compilers_and_libraries_2018.1.163/linux/mpi/intel64/lib -L/home/app/armadillo-8.200.2/lib64/../lib64 -L/home/app/armadillo-8.200.2/lib64/../lib64 -L/home/app/gcc-7.3/lib/gcc/x86_64-pc-linux-gnu/7.3.0 -L/home/app/gcc-7.3/lib/gcc/x86_64-pc-linux-gnu/7.3.0/../../../../lib64 -L/lib/../lib64 -L/usr/lib/../lib64 -L/home/app/boost-1.67.0-gcc7.3/lib -L/home/app/armadillo-8.200.2/lib64 -L/home/app/llvm/lib -L/home/app/lib-intel/pnetcdf-1.7.0/lib -L/home/app/lib-intel/hdf5/lib -L/home/app/intel/clck/2018.1/lib/intel64 -L/home/app/intel/compilers_and_libraries_2018.1.163/linux/ipp/lib/intel64 -L/home/app/intel/compilers_and_libraries_2018.1.163/linux/compiler/lib/intel64_lin -L/home/app/intel/compilers_and_libraries_2018.1.163/linux/mkl/lib/intel64_lin -L/home/app/intel/compilers_and_libraries_2018.1.163/linux/tbb/lib/intel64/gcc4.7 -L/home/app/intel/compilers_and_libraries_2018.1.163/linux/tbb/lib/intel64/gcc4.7 -L/home/app/intel/compilers_and_libraries_2018.1.163/linux/daal/lib/intel64_lin -L/home/app/boost-1.67.0-gcc7.3/lib -L/home/app/armadillo-8.200.2/lib64 -L/home/app/llvm/lib -L/home/app/lib-intel/pnetcdf-1.7.0/lib -L/home/app/lib-intel/hdf5/lib -L/home/app/intel/clck/2018.1/lib/intel64 -L/home/app/intel/compilers_and_libraries_2018.1.163/linux/ipp/lib/intel64 -L/home/app/intel/compilers_and_libraries_2018.1.163/linux/compiler/lib/intel64_lin -L/home/app/intel/compilers_and_libraries_2018.1.163/linux/mkl/lib/intel64_lin -L/home/app/intel/compilers_and_libraries_2018.1.163/linux/tbb/lib/intel64/gcc4.7 -L/home/app/intel/compilers_and_libraries_2018.1.163/linux/tbb/lib/intel64/gcc4.7 -L/home/app/intel/compilers_and_libraries_2018.1.163/linux/daal/lib/intel64_lin -L/home/app/intel/compilers_and_libraries_2018.1.163/linux/daal/../tbb/lib/intel64_lin/gcc4.4 -L/home/app/gcc-7.3/lib/gcc/x86_64-pc-linux-gnu/7.3.0/../../.. /tmp/cc260L3I.o --enable-new-dtags -rpath /home/app/intel/compilers_and_libraries_2018.1.163/linux/mpi/intel64/lib/debug_mt -rpath /home/app/intel/compilers_and_libraries_2018.1.163/linux/mpi/intel64/lib -rpath /opt/intel/mpi-rt/2017.0.0/intel64/lib/debug_mt -rpath /opt/intel/mpi-rt/2017.0.0/intel64/lib -lmpifort -lmpi -lmpigi -ldl -lrt -lpthread -lgfortran -lm -lgcc_s -lgcc -lquadmath -lm -lgcc_s -lgcc -lc -lgcc_s -lgcc /home/app/gcc-7.3/lib/gcc/x86_64-pc-linux-gnu/7.3.0/crtend.o /lib/../lib64/crtn.o
configure:7396: result: -v
configure:7398: checking for Fortran libraries of /home/app/intel/compilers_and_libraries_2018.1.163/linux/mpi/intel64/bin/mpif90
configure:7421: /home/app/intel/compilers_and_libraries_2018.1.163/linux/mpi/intel64/bin/mpif90 -o conftest -g -O2 -v conftest.f
mpif90 for the Intel(R) MPI Library 2018 Update 1 for Linux*
Copyright(C) 2003-2017, Intel Corporation.  All rights reserved.
Using built-in specs.
Target: x86_64-pc-linux-gnu
Thread model: posix
gcc version 7.3.0 (GCC) 
 /home/app/gcc-7.3/libexec/gcc/x86_64-pc-linux-gnu/7.3.0/f951 conftest.f -ffixed-form -I /home/app/intel/compilers_and_libraries_2018.1.163/linux/mpi/intel64/include/gfortran -I /home/app/intel/compilers_and_libraries_2018.1.163/linux/mpi/intel64/include -quiet -dumpbase conftest.f -mtune=generic -march=x86-64 -auxbase conftest -g -O2 -version -fintrinsic-modules-path /home/app/gcc-7.3/lib/gcc/x86_64-pc-linux-gnu/7.3.0/finclude -o /tmp/ccM9BQsf.s
GNU Fortran (GCC) version 7.3.0 (x86_64-pc-linux-gnu)
	compiled by GNU C version 7.3.0, GMP version 6.0.0, MPFR version 3.1.1, MPC version 1.0.1, isl version none
GGC heuristics: --param ggc-min-expand=100 --param ggc-min-heapsize=131072
GNU Fortran2008 (GCC) version 7.3.0 (x86_64-pc-linux-gnu)
	compiled by GNU C version 7.3.0, GMP version 6.0.0, MPFR version 3.1.1, MPC version 1.0.1, isl version none
GGC heuristics: --param ggc-min-expand=100 --param ggc-min-heapsize=131072
 as -v -I /home/app/intel/compilers_and_libraries_2018.1.163/linux/mpi/intel64/include/gfortran -I /home/app/intel/compilers_and_libraries_2018.1.163/linux/mpi/intel64/include --64 -o /tmp/ccq69muS.o /tmp/ccM9BQsf.s
GNU assembler version 2.27 (x86_64-redhat-linux) using BFD version version 2.27-27.base.el7
Reading specs from /home/app/gcc-7.3/lib/gcc/x86_64-pc-linux-gnu/7.3.0/../../../../lib64/libgfortran.spec
rename spec lib to liborig
 /home/app/gcc-7.3/libexec/gcc/x86_64-pc-linux-gnu/7.3.0/collect2 -plugin /home/app/gcc-7.3/libexec/gcc/x86_64-pc-linux-gnu/7.3.0/liblto_plugin.so -plugin-opt=/home/app/gcc-7.3/libexec/gcc/x86_64-pc-linux-gnu/7.3.0/lto-wrapper -plugin-opt=-fresolution=/tmp/ccwGdkxv.res -plugin-opt=-pass-through=-lgcc_s -plugin-opt=-pass-through=-lgcc -plugin-opt=-pass-through=-lquadmath -plugin-opt=-pass-through=-lm -plugin-opt=-pass-through=-lgcc_s -plugin-opt=-pass-through=-lgcc -plugin-opt=-pass-through=-lc -plugin-opt=-pass-through=-lgcc_s -plugin-opt=-pass-through=-lgcc --eh-frame-hdr -m elf_x86_64 -dynamic-linker /lib64/ld-linux-x86-64.so.2 -o conftest /lib/../lib64/crt1.o /lib/../lib64/crti.o /home/app/gcc-7.3/lib/gcc/x86_64-pc-linux-gnu/7.3.0/crtbegin.o -L/home/app/intel/compilers_and_libraries_2018.1.163/linux/mpi/intel64/lib/debug_mt -L/home/app/intel/compilers_and_libraries_2018.1.163/linux/mpi/intel64/lib -L/home/app/armadillo-8.200.2/lib64/../lib64 -L/home/app/armadillo-8.200.2/lib64/../lib64 -L/home/app/gcc-7.3/lib/gcc/x86_64-pc-linux-gnu/7.3.0 -L/home/app/gcc-7.3/lib/gcc/x86_64-pc-linux-gnu/7.3.0/../../../../lib64 -L/lib/../lib64 -L/usr/lib/../lib64 -L/home/app/boost-1.67.0-gcc7.3/lib -L/home/app/armadillo-8.200.2/lib64 -L/home/app/llvm/lib -L/home/app/lib-intel/pnetcdf-1.7.0/lib -L/home/app/lib-intel/hdf5/lib -L/home/app/intel/clck/2018.1/lib/intel64 -L/home/app/intel/compilers_and_libraries_2018.1.163/linux/ipp/lib/intel64 -L/home/app/intel/compilers_and_libraries_2018.1.163/linux/compiler/lib/intel64_lin -L/home/app/intel/compilers_and_libraries_2018.1.163/linux/mkl/lib/intel64_lin -L/home/app/intel/compilers_and_libraries_2018.1.163/linux/tbb/lib/intel64/gcc4.7 -L/home/app/intel/compilers_and_libraries_2018.1.163/linux/tbb/lib/intel64/gcc4.7 -L/home/app/intel/compilers_and_libraries_2018.1.163/linux/daal/lib/intel64_lin -L/home/app/boost-1.67.0-gcc7.3/lib -L/home/app/armadillo-8.200.2/lib64 -L/home/app/llvm/lib -L/home/app/lib-intel/pnetcdf-1.7.0/lib -L/home/app/lib-intel/hdf5/lib -L/home/app/intel/clck/2018.1/lib/intel64 -L/home/app/intel/compilers_and_libraries_2018.1.163/linux/ipp/lib/intel64 -L/home/app/intel/compilers_and_libraries_2018.1.163/linux/compiler/lib/intel64_lin -L/home/app/intel/compilers_and_libraries_2018.1.163/linux/mkl/lib/intel64_lin -L/home/app/intel/compilers_and_libraries_2018.1.163/linux/tbb/lib/intel64/gcc4.7 -L/home/app/intel/compilers_and_libraries_2018.1.163/linux/tbb/lib/intel64/gcc4.7 -L/home/app/intel/compilers_and_libraries_2018.1.163/linux/daal/lib/intel64_lin -L/home/app/intel/compilers_and_libraries_2018.1.163/linux/daal/../tbb/lib/intel64_lin/gcc4.4 -L/home/app/gcc-7.3/lib/gcc/x86_64-pc-linux-gnu/7.3.0/../../.. /tmp/ccq69muS.o --enable-new-dtags -rpath /home/app/intel/compilers_and_libraries_2018.1.163/linux/mpi/intel64/lib/debug_mt -rpath /home/app/intel/compilers_and_libraries_2018.1.163/linux/mpi/intel64/lib -rpath /opt/intel/mpi-rt/2017.0.0/intel64/lib/debug_mt -rpath /opt/intel/mpi-rt/2017.0.0/intel64/lib -lmpifort -lmpi -lmpigi -ldl -lrt -lpthread -lgfortran -lm -lgcc_s -lgcc -lquadmath -lm -lgcc_s -lgcc -lc -lgcc_s -lgcc /home/app/gcc-7.3/lib/gcc/x86_64-pc-linux-gnu/7.3.0/crtend.o /lib/../lib64/crtn.o
configure:7617: result:  -L/home/app/intel/compilers_and_libraries_2018.1.163/linux/mpi/intel64/lib/debug_mt -L/home/app/intel/compilers_and_libraries_2018.1.163/linux/mpi/intel64/lib -L/home/app/armadillo-8.200.2/lib64/../lib64 -L/home/app/gcc-7.3/lib/gcc/x86_64-pc-linux-gnu/7.3.0 -L/home/app/gcc-7.3/lib/gcc/x86_64-pc-linux-gnu/7.3.0/../../../../lib64 -L/lib/../lib64 -L/usr/lib/../lib64 -L/home/app/boost-1.67.0-gcc7.3/lib -L/home/app/armadillo-8.200.2/lib64 -L/home/app/llvm/lib -L/home/app/lib-intel/pnetcdf-1.7.0/lib -L/home/app/lib-intel/hdf5/lib -L/home/app/intel/clck/2018.1/lib/intel64 -L/home/app/intel/compilers_and_libraries_2018.1.163/linux/ipp/lib/intel64 -L/home/app/intel/compilers_and_libraries_2018.1.163/linux/compiler/lib/intel64_lin -L/home/app/intel/compilers_and_libraries_2018.1.163/linux/mkl/lib/intel64_lin -L/home/app/intel/compilers_and_libraries_2018.1.163/linux/tbb/lib/intel64/gcc4.7 -L/home/app/intel/compilers_and_libraries_2018.1.163/linux/daal/lib/intel64_lin -L/home/app/intel/compilers_and_libraries_2018.1.163/linux/daal/../tbb/lib/intel64_lin/gcc4.4 -L/home/app/gcc-7.3/lib/gcc/x86_64-pc-linux-gnu/7.3.0/../../.. -lmpifort -lmpi -lmpigi -ldl -lrt -lpthread -lgfortran -lm -lquadmath
configure:7629: result: -g -O2
configure:7632: checking whether mpi.mod is available
configure:7643: result: yes
configure:7645: checking whether /home/app/intel/compilers_and_libraries_2018.1.163/linux/mpi/intel64/bin/mpif90 is a valid MPI compiler
configure:7653: result: 
configure:7722: checking how to run the C preprocessor
configure:7753: /home/app/intel/compilers_and_libraries_2018.1.163/linux/mpi/intel64/bin/mpicc  -E  conftest.c
configure:7753: $? = 0
configure:7767: /home/app/intel/compilers_and_libraries_2018.1.163/linux/mpi/intel64/bin/mpicc  -E  conftest.c
conftest.c:13:10: fatal error: ac_nonexistent.h: No such file or directory
 #include <ac_nonexistent.h>
          ^~~~~~~~~~~~~~~~~~
compilation terminated.
configure:7767: $? = 1
configure: failed program was:
| /* confdefs.h */
| #define PACKAGE_NAME "OpenArray"
| #define PACKAGE_TARNAME "openarray"
| #define PACKAGE_VERSION "1.0"
| #define PACKAGE_STRING "OpenArray 1.0"
| #define PACKAGE_BUGREPORT ""
| #define PACKAGE_URL ""
| #define HAVE_DECL_MPICH_VERSION 1
| #define HAVE_DECL_MPICH2_VERSION 0
| #define HAVE_DECL_OMPI_MAJOR_VERSION 0
| #define HAVE_DECL_MVAPICH2_VERSION 0
| /* end confdefs.h.  */
| #include <ac_nonexistent.h>
configure:7792: result: /home/app/intel/compilers_and_libraries_2018.1.163/linux/mpi/intel64/bin/mpicc  -E
configure:7812: /home/app/intel/compilers_and_libraries_2018.1.163/linux/mpi/intel64/bin/mpicc  -E  conftest.c
configure:7812: $? = 0
configure:7826: /home/app/intel/compilers_and_libraries_2018.1.163/linux/mpi/intel64/bin/mpicc  -E  conftest.c
conftest.c:13:10: fatal error: ac_nonexistent.h: No such file or directory
 #include <ac_nonexistent.h>
          ^~~~~~~~~~~~~~~~~~
compilation terminated.
configure:7826: $? = 1
configure: failed program was:
| /* confdefs.h */
| #define PACKAGE_NAME "OpenArray"
| #define PACKAGE_TARNAME "openarray"
| #define PACKAGE_VERSION "1.0"
| #define PACKAGE_STRING "OpenArray 1.0"
| #define PACKAGE_BUGREPORT ""
| #define PACKAGE_URL ""
| #define HAVE_DECL_MPICH_VERSION 1
| #define HAVE_DECL_MPICH2_VERSION 0
| #define HAVE_DECL_OMPI_MAJOR_VERSION 0
| #define HAVE_DECL_MVAPICH2_VERSION 0
| /* end confdefs.h.  */
| #include <ac_nonexistent.h>
configure:7855: checking for ANSI C header files
configure:7875: /home/app/intel/compilers_and_libraries_2018.1.163/linux/mpi/intel64/bin/mpicc  -c  -I/home/gaopeng/pnetcdf/include -g -O2  conftest.c >&5
configure:7875: $? = 0
configure:7948: /home/app/intel/compilers_and_libraries_2018.1.163/linux/mpi/intel64/bin/mpicc  -o conftest  -I/home/gaopeng/pnetcdf/include -g -O2   -L/home/gaopeng/pnetcdf/lib  conftest.c  >&5
configure:7948: $? = 0
configure:7948: ./conftest
configure:7948: $? = 0
configure:7959: result: yes
configure:7972: checking for sys/types.h
configure:7972: /home/app/intel/compilers_and_libraries_2018.1.163/linux/mpi/intel64/bin/mpicc  -c  -I/home/gaopeng/pnetcdf/include -g -O2  conftest.c >&5
configure:7972: $? = 0
configure:7972: result: yes
configure:7972: checking for sys/stat.h
configure:7972: /home/app/intel/compilers_and_libraries_2018.1.163/linux/mpi/intel64/bin/mpicc  -c  -I/home/gaopeng/pnetcdf/include -g -O2  conftest.c >&5
configure:7972: $? = 0
configure:7972: result: yes
configure:7972: checking for stdlib.h
configure:7972: /home/app/intel/compilers_and_libraries_2018.1.163/linux/mpi/intel64/bin/mpicc  -c  -I/home/gaopeng/pnetcdf/include -g -O2  conftest.c >&5
configure:7972: $? = 0
configure:7972: result: yes
configure:7972: checking for string.h
configure:7972: /home/app/intel/compilers_and_libraries_2018.1.163/linux/mpi/intel64/bin/mpicc  -c  -I/home/gaopeng/pnetcdf/include -g -O2  conftest.c >&5
configure:7972: $? = 0
configure:7972: result: yes
configure:7972: checking for memory.h
configure:7972: /home/app/intel/compilers_and_libraries_2018.1.163/linux/mpi/intel64/bin/mpicc  -c  -I/home/gaopeng/pnetcdf/include -g -O2  conftest.c >&5
configure:7972: $? = 0
configure:7972: result: yes
configure:7972: checking for strings.h
configure:7972: /home/app/intel/compilers_and_libraries_2018.1.163/linux/mpi/intel64/bin/mpicc  -c  -I/home/gaopeng/pnetcdf/include -g -O2  conftest.c >&5
configure:7972: $? = 0
configure:7972: result: yes
configure:7972: checking for inttypes.h
configure:7972: /home/app/intel/compilers_and_libraries_2018.1.163/linux/mpi/intel64/bin/mpicc  -c  -I/home/gaopeng/pnetcdf/include -g -O2  conftest.c >&5
configure:7972: $? = 0
configure:7972: result: yes
configure:7972: checking for stdint.h
configure:7972: /home/app/intel/compilers_and_libraries_2018.1.163/linux/mpi/intel64/bin/mpicc  -c  -I/home/gaopeng/pnetcdf/include -g -O2  conftest.c >&5
configure:7972: $? = 0
configure:7972: result: yes
configure:7972: checking for unistd.h
configure:7972: /home/app/intel/compilers_and_libraries_2018.1.163/linux/mpi/intel64/bin/mpicc  -c  -I/home/gaopeng/pnetcdf/include -g -O2  conftest.c >&5
configure:7972: $? = 0
configure:7972: result: yes
configure:7984: checking pnetcdf.h usability
configure:7984: /home/app/intel/compilers_and_libraries_2018.1.163/linux/mpi/intel64/bin/mpicc  -c  -I/home/gaopeng/pnetcdf/include -g -O2  conftest.c >&5
configure:7984: $? = 0
configure:7984: result: yes
configure:7984: checking pnetcdf.h presence
configure:7984: /home/app/intel/compilers_and_libraries_2018.1.163/linux/mpi/intel64/bin/mpicc  -E  conftest.c
configure:7984: $? = 0
configure:7984: result: yes
configure:7984: checking for pnetcdf.h
configure:7984: result: yes
configure:7986: checking for ncmpi_open
configure:7986: /home/app/intel/compilers_and_libraries_2018.1.163/linux/mpi/intel64/bin/mpicc  -o conftest  -I/home/gaopeng/pnetcdf/include -g -O2   -L/home/gaopeng/pnetcdf/lib  conftest.c  >&5
/tmp/ccUilNcA.o: In function `main':
/home/gaopeng/git/OpenArray_Dev/conftest.c:57: undefined reference to `ncmpi_open'
collect2: error: ld returned 1 exit status
configure:7986: $? = 1
configure: failed program was:
| /* confdefs.h */
| #define PACKAGE_NAME "OpenArray"
| #define PACKAGE_TARNAME "openarray"
| #define PACKAGE_VERSION "1.0"
| #define PACKAGE_STRING "OpenArray 1.0"
| #define PACKAGE_BUGREPORT ""
| #define PACKAGE_URL ""
| #define HAVE_DECL_MPICH_VERSION 1
| #define HAVE_DECL_MPICH2_VERSION 0
| #define HAVE_DECL_OMPI_MAJOR_VERSION 0
| #define HAVE_DECL_MVAPICH2_VERSION 0
| #define STDC_HEADERS 1
| #define HAVE_SYS_TYPES_H 1
| #define HAVE_SYS_STAT_H 1
| #define HAVE_STDLIB_H 1
| #define HAVE_STRING_H 1
| #define HAVE_MEMORY_H 1
| #define HAVE_STRINGS_H 1
| #define HAVE_INTTYPES_H 1
| #define HAVE_STDINT_H 1
| #define HAVE_UNISTD_H 1
| /* end confdefs.h.  */
| /* Define ncmpi_open to an innocuous variant, in case <limits.h> declares ncmpi_open.
|    For example, HP-UX 11i <limits.h> declares gettimeofday.  */
| #define ncmpi_open innocuous_ncmpi_open
| 
| /* System header to define __stub macros and hopefully few prototypes,
|     which can conflict with char ncmpi_open (); below.
|     Prefer <limits.h> to <assert.h> if __STDC__ is defined, since
|     <limits.h> exists even on freestanding compilers.  */
| 
| #ifdef __STDC__
| # include <limits.h>
| #else
| # include <assert.h>
| #endif
| 
| #undef ncmpi_open
| 
| /* Override any GCC internal prototype to avoid an error.
|    Use char because int might match the return type of a GCC
|    builtin and then its argument prototype would still apply.  */
| #ifdef __cplusplus
| extern "C"
| #endif
| char ncmpi_open ();
| /* The GNU C library defines this for functions which it implements
|     to always fail with ENOSYS.  Some functions are actually named
|     something starting with __ and the normal name is an alias.  */
| #if defined __stub_ncmpi_open || defined __stub___ncmpi_open
| choke me
| #endif
| 
| int
| main ()
| {
| return ncmpi_open ();
|   ;
|   return 0;
| }
configure:7986: result: no
configure:7990: checking for library containing ncmpi_open
configure:8021: /home/app/intel/compilers_and_libraries_2018.1.163/linux/mpi/intel64/bin/mpicc  -o conftest  -I/home/gaopeng/pnetcdf/include -g -O2   -L/home/gaopeng/pnetcdf/lib  conftest.c  >&5
/tmp/ccSY7uAK.o: In function `main':
/home/gaopeng/git/OpenArray_Dev/conftest.c:34: undefined reference to `ncmpi_open'
collect2: error: ld returned 1 exit status
configure:8021: $? = 1
configure: failed program was:
| /* confdefs.h */
| #define PACKAGE_NAME "OpenArray"
| #define PACKAGE_TARNAME "openarray"
| #define PACKAGE_VERSION "1.0"
| #define PACKAGE_STRING "OpenArray 1.0"
| #define PACKAGE_BUGREPORT ""
| #define PACKAGE_URL ""
| #define HAVE_DECL_MPICH_VERSION 1
| #define HAVE_DECL_MPICH2_VERSION 0
| #define HAVE_DECL_OMPI_MAJOR_VERSION 0
| #define HAVE_DECL_MVAPICH2_VERSION 0
| #define STDC_HEADERS 1
| #define HAVE_SYS_TYPES_H 1
| #define HAVE_SYS_STAT_H 1
| #define HAVE_STDLIB_H 1
| #define HAVE_STRING_H 1
| #define HAVE_MEMORY_H 1
| #define HAVE_STRINGS_H 1
| #define HAVE_INTTYPES_H 1
| #define HAVE_STDINT_H 1
| #define HAVE_UNISTD_H 1
| /* end confdefs.h.  */
| 
| /* Override any GCC internal prototype to avoid an error.
|    Use char because int might match the return type of a GCC
|    builtin and then its argument prototype would still apply.  */
| #ifdef __cplusplus
| extern "C"
| #endif
| char ncmpi_open ();
| int
| main ()
| {
| return ncmpi_open ();
|   ;
|   return 0;
| }
configure:8021: /home/app/intel/compilers_and_libraries_2018.1.163/linux/mpi/intel64/bin/mpicc  -o conftest  -I/home/gaopeng/pnetcdf/include -g -O2   -L/home/gaopeng/pnetcdf/lib  conftest.c -lpnetcdf   >&5
configure:8021: $? = 0
configure:8038: result: -lpnetcdf
configure:8155: checking for ranlib
configure:8171: found /usr/bin/ranlib
configure:8182: result: ranlib
configure:8351: checking that generated files are newer than configure
configure:8357: result: done
configure:8404: creating ./config.status

## ---------------------- ##
## Running config.status. ##
## ---------------------- ##

This file was extended by OpenArray config.status 1.0, which was
generated by GNU Autoconf 2.69.  Invocation command line was

  CONFIG_FILES    = 
  CONFIG_HEADERS  = 
  CONFIG_LINKS    = 
  CONFIG_COMMANDS = 
  $ ./config.status 

on earth.localdomain

config.status:814: creating Makefile

## ---------------- ##
## Cache variables. ##
## ---------------- ##

ac_cv_CHECK_MPI_CPP_SEEK_SET=no
ac_cv_build=x86_64-pc-linux-gnu
ac_cv_c_compiler_gnu=yes
ac_cv_cxx_compiler_gnu=yes
ac_cv_env_CCC_set=
ac_cv_env_CCC_value=
ac_cv_env_CC_set=set
ac_cv_env_CC_value=/home/app/gcc-7.3/bin/gcc
ac_cv_env_CFLAGS_set=
ac_cv_env_CFLAGS_value=
ac_cv_env_CPPFLAGS_set=
ac_cv_env_CPPFLAGS_value=
ac_cv_env_CPP_set=
ac_cv_env_CPP_value=
ac_cv_env_CXXFLAGS_set=
ac_cv_env_CXXFLAGS_value=
ac_cv_env_CXX_set=set
ac_cv_env_CXX_value=/home/app/gcc-7.3/bin/g++
ac_cv_env_FCFLAGS_set=
ac_cv_env_FCFLAGS_value=
ac_cv_env_FC_set=
ac_cv_env_FC_value=
ac_cv_env_LDFLAGS_set=
ac_cv_env_LDFLAGS_value=
ac_cv_env_LIBS_set=
ac_cv_env_LIBS_value=
ac_cv_env_MPICC_set=set
ac_cv_env_MPICC_value=mpicc
ac_cv_env_MPICXX_set=set
ac_cv_env_MPICXX_value=mpicxx
ac_cv_env_MPIF77_set=set
ac_cv_env_MPIF77_value=mpif77
ac_cv_env_MPIF90_set=set
ac_cv_env_MPIF90_value=mpif90
ac_cv_env_PNETCDF_DIR_set=set
ac_cv_env_PNETCDF_DIR_value=/home/gaopeng/pnetcdf
ac_cv_env_build_alias_set=
ac_cv_env_build_alias_value=
ac_cv_env_host_alias_set=
ac_cv_env_host_alias_value=
ac_cv_env_target_alias_set=
ac_cv_env_target_alias_value=
ac_cv_fc_compiler_gnu=yes
ac_cv_fc_libs=' -L/home/app/intel/compilers_and_libraries_2018.1.163/linux/mpi/intel64/lib/debug_mt -L/home/app/intel/compilers_and_libraries_2018.1.163/linux/mpi/intel64/lib -L/home/app/armadillo-8.200.2/lib64/../lib64 -L/home/app/gcc-7.3/lib/gcc/x86_64-pc-linux-gnu/7.3.0 -L/home/app/gcc-7.3/lib/gcc/x86_64-pc-linux-gnu/7.3.0/../../../../lib64 -L/lib/../lib64 -L/usr/lib/../lib64 -L/home/app/boost-1.67.0-gcc7.3/lib -L/home/app/armadillo-8.200.2/lib64 -L/home/app/llvm/lib -L/home/app/lib-intel/pnetcdf-1.7.0/lib -L/home/app/lib-intel/hdf5/lib -L/home/app/intel/clck/2018.1/lib/intel64 -L/home/app/intel/compilers_and_libraries_2018.1.163/linux/ipp/lib/intel64 -L/home/app/intel/compilers_and_libraries_2018.1.163/linux/compiler/lib/intel64_lin -L/home/app/intel/compilers_and_libraries_2018.1.163/linux/mkl/lib/intel64_lin -L/home/app/intel/compilers_and_libraries_2018.1.163/linux/tbb/lib/intel64/gcc4.7 -L/home/app/intel/compilers_and_libraries_2018.1.163/linux/daal/lib/intel64_lin -L/home/app/intel/compilers_and_libraries_2018.1.163/linux/daal/../tbb/lib/intel64_lin/gcc4.4 -L/home/app/gcc-7.3/lib/gcc/x86_64-pc-linux-gnu/7.3.0/../../.. -lmpifort -lmpi -lmpigi -ldl -lrt -lpthread -lgfortran -lm -lquadmath'
ac_cv_func_MPI_Comm_rank=yes
ac_cv_func_MPI_File_close=yes
ac_cv_func_MPI_File_open=yes
ac_cv_func_ncmpi_open=no
ac_cv_have_decl_MPICH2_VERSION=no
ac_cv_have_decl_MPICH_VERSION=yes
ac_cv_have_decl_MVAPICH2_VERSION=no
ac_cv_have_decl_OMPI_MAJOR_VERSION=no
ac_cv_header_inttypes_h=yes
ac_cv_header_memory_h=yes
ac_cv_header_pnetcdf_h=yes
ac_cv_header_stdc=yes
ac_cv_header_stdint_h=yes
ac_cv_header_stdlib_h=yes
ac_cv_header_string_h=yes
ac_cv_header_strings_h=yes
ac_cv_header_sys_stat_h=yes
ac_cv_header_sys_types_h=yes
ac_cv_header_unistd_h=yes
ac_cv_host=x86_64-pc-linux-gnu
ac_cv_mpicc_base=GCC
ac_cv_objext=o
ac_cv_path_EGREP='/usr/bin/grep -E'
ac_cv_path_GREP=/usr/bin/grep
ac_cv_path_ac_mpi_prog_MPICC=/home/app/intel/compilers_and_libraries_2018.1.163/linux/mpi/intel64/bin/mpicc
ac_cv_path_ac_mpi_prog_MPICXX=/home/app/intel/compilers_and_libraries_2018.1.163/linux/mpi/intel64/bin/mpicxx
ac_cv_path_ac_mpi_prog_MPIF77=/home/app/intel/compilers_and_libraries_2018.1.163/linux/mpi/intel64/bin/mpif77
ac_cv_path_ac_mpi_prog_MPIF90=/home/app/intel/compilers_and_libraries_2018.1.163/linux/mpi/intel64/bin/mpif90
ac_cv_path_install='/usr/bin/install -c'
ac_cv_path_mkdir=/usr/bin/mkdir
ac_cv_prog_AWK=gawk
ac_cv_prog_CPP='/home/app/intel/compilers_and_libraries_2018.1.163/linux/mpi/intel64/bin/mpicc  -E'
ac_cv_prog_NPROC_PROG=nproc
ac_cv_prog_RM=rm
ac_cv_prog_TIME=time
ac_cv_prog_ac_ct_AR=ar
ac_cv_prog_ac_ct_CC='/home/app/intel/compilers_and_libraries_2018.1.163/linux/mpi/intel64/bin/mpicc '
ac_cv_prog_ac_ct_RANLIB=ranlib
ac_cv_prog_cc_c89=
ac_cv_prog_cc_g=yes
ac_cv_prog_cxx_g=yes
ac_cv_prog_fc_g=yes
ac_cv_prog_fc_v=-v
ac_cv_prog_make_make_set=yes
ac_cv_search_ncmpi_open=-lpnetcdf
am_cv_ar_interface=ar
am_cv_make_support_nested_variables=yes
am_cv_prog_cc_c_o=yes

## ----------------- ##
## Output variables. ##
## ----------------- ##

ACLOCAL='${SHELL} /home/gaopeng/git/OpenArray_Dev/missing aclocal'
AMTAR='$${TAR-tar}'
AM_BACKSLASH='\'
AM_DEFAULT_V='$(AM_DEFAULT_VERBOSITY)'
AM_DEFAULT_VERBOSITY='1'
AM_V='$(V)'
AR='ar'
AUTOCONF='${SHELL} /home/gaopeng/git/OpenArray_Dev/missing autoconf'
AUTOHEADER='${SHELL} /home/gaopeng/git/OpenArray_Dev/missing autoheader'
AUTOMAKE='${SHELL} /home/gaopeng/git/OpenArray_Dev/missing automake'
AWK='gawk'
CC='/home/app/intel/compilers_and_libraries_2018.1.163/linux/mpi/intel64/bin/mpicc '
CFLAGS='-g -O2 -I/home/gaopeng/pnetcdf/include '
CPP='/home/app/intel/compilers_and_libraries_2018.1.163/linux/mpi/intel64/bin/mpicc  -E'
CPPFLAGS=' -I/home/gaopeng/pnetcdf/include '
CXX='/home/app/intel/compilers_and_libraries_2018.1.163/linux/mpi/intel64/bin/mpicxx '
CXXFLAGS='-g -O2 -I/home/gaopeng/pnetcdf/include '
CYGPATH_W='echo'
DEFS='-DPACKAGE_NAME=\"OpenArray\" -DPACKAGE_TARNAME=\"openarray\" -DPACKAGE_VERSION=\"1.0\" -DPACKAGE_STRING=\"OpenArray\ 1.0\" -DPACKAGE_BUGREPORT=\"\" -DPACKAGE_URL=\"\" -DHAVE_DECL_MPICH_VERSION=1 -DHAVE_DECL_MPICH2_VERSION=0 -DHAVE_DECL_OMPI_MAJOR_VERSION=0 -DHAVE_DECL_MVAPICH2_VERSION=0 -DSTDC_HEADERS=1 -DHAVE_SYS_TYPES_H=1 -DHAVE_SYS_STAT_H=1 -DHAVE_STDLIB_H=1 -DHAVE_STRING_H=1 -DHAVE_MEMORY_H=1 -DHAVE_STRINGS_H=1 -DHAVE_INTTYPES_H=1 -DHAVE_STDINT_H=1 -DHAVE_UNISTD_H=1'
ECHO_C=''
ECHO_N='-n'
ECHO_T=''
EGREP='/usr/bin/grep -E'
EXEEXT=''
FC='/home/app/intel/compilers_and_libraries_2018.1.163/linux/mpi/intel64/bin/mpif90'
FCFLAGS='-g -O2 -I/home/gaopeng/pnetcdf/include '
FCLIBS=' -L/home/app/intel/compilers_and_libraries_2018.1.163/linux/mpi/intel64/lib/debug_mt -L/home/app/intel/compilers_and_libraries_2018.1.163/linux/mpi/intel64/lib -L/home/app/armadillo-8.200.2/lib64/../lib64 -L/home/app/gcc-7.3/lib/gcc/x86_64-pc-linux-gnu/7.3.0 -L/home/app/gcc-7.3/lib/gcc/x86_64-pc-linux-gnu/7.3.0/../../../../lib64 -L/lib/../lib64 -L/usr/lib/../lib64 -L/home/app/boost-1.67.0-gcc7.3/lib -L/home/app/armadillo-8.200.2/lib64 -L/home/app/llvm/lib -L/home/app/lib-intel/pnetcdf-1.7.0/lib -L/home/app/lib-intel/hdf5/lib -L/home/app/intel/clck/2018.1/lib/intel64 -L/home/app/intel/compilers_and_libraries_2018.1.163/linux/ipp/lib/intel64 -L/home/app/intel/compilers_and_libraries_2018.1.163/linux/compiler/lib/intel64_lin -L/home/app/intel/compilers_and_libraries_2018.1.163/linux/mkl/lib/intel64_lin -L/home/app/intel/compilers_and_libraries_2018.1.163/linux/tbb/lib/intel64/gcc4.7 -L/home/app/intel/compilers_and_libraries_2018.1.163/linux/daal/lib/intel64_lin -L/home/app/intel/compilers_and_libraries_2018.1.163/linux/daal/../tbb/lib/intel64_lin/gcc4.4 -L/home/app/gcc-7.3/lib/gcc/x86_64-pc-linux-gnu/7.3.0/../../.. -lmpifort -lmpi -lmpigi -ldl -lrt -lpthread -lgfortran -lm -lquadmath'
GREP='/usr/bin/grep'
HAS_FORTRAN_FALSE='#'
HAS_FORTRAN_TRUE=''
HAS_MPICXX_FALSE='#'
HAS_MPICXX_TRUE=''
HAS_NPROC_FALSE='#'
HAS_NPROC_TRUE=''
HAVE_MPI_MOD_FALSE='#'
HAVE_MPI_MOD_TRUE=''
INSTALL_DATA='${INSTALL} -m 644'
INSTALL_PROGRAM='${INSTALL}'
INSTALL_SCRIPT='${INSTALL}'
INSTALL_STRIP_PROGRAM='$(install_sh) -c -s'
LDFLAGS=' -L/home/gaopeng/pnetcdf/lib '
LIBOBJS=''
LIBS='-lpnetcdf '
LTLIBOBJS=''
MAKEINFO='${SHELL} /home/gaopeng/git/OpenArray_Dev/missing makeinfo'
MKDIR_P='/usr/bin/mkdir -p'
MPICC='/home/app/intel/compilers_and_libraries_2018.1.163/linux/mpi/intel64/bin/mpicc '
MPICC_IS_FCCPX_FALSE=''
MPICC_IS_FCCPX_TRUE='#'
MPICC_IS_PGCC_FALSE=''
MPICC_IS_PGCC_TRUE='#'
MPICC_IS_XLC_FALSE=''
MPICC_IS_XLC_TRUE='#'
MPICXX='/home/app/intel/compilers_and_libraries_2018.1.163/linux/mpi/intel64/bin/mpicxx '
MPIF77='/home/app/intel/compilers_and_libraries_2018.1.163/linux/mpi/intel64/bin/mpif77'
MPIF90='/home/app/intel/compilers_and_libraries_2018.1.163/linux/mpi/intel64/bin/mpif90'
MPI_DIR=''
NPROC_PROG='nproc'
OBJEXT='o'
PACKAGE='openarray'
PACKAGE_BUGREPORT=''
PACKAGE_NAME='OpenArray'
PACKAGE_STRING='OpenArray 1.0'
PACKAGE_TARNAME='openarray'
PACKAGE_URL=''
PACKAGE_VERSION='1.0'
PATH_SEPARATOR=':'
PNETCDF_DIR='/home/gaopeng/pnetcdf'
RANLIB='ranlib'
RM='rm'
SEEK_SET_REDEFINED_FALSE=''
SEEK_SET_REDEFINED_TRUE='#'
SET_MAKE=''
SHELL='/bin/sh'
STRIP=''
TIME='time'
USE_MPIF_HEADER='use mpi, only: MPI_OFFSET_KIND'
VERSION='1.0'
ac_ct_AR='ar'
ac_ct_CC='/home/app/intel/compilers_and_libraries_2018.1.163/linux/mpi/intel64/bin/mpicc '
ac_ct_CXX=''
ac_ct_FC=''
ac_mpi_prog_MPICC='/home/app/intel/compilers_and_libraries_2018.1.163/linux/mpi/intel64/bin/mpicc'
ac_mpi_prog_MPICXX='/home/app/intel/compilers_and_libraries_2018.1.163/linux/mpi/intel64/bin/mpicxx'
ac_mpi_prog_MPIF77='/home/app/intel/compilers_and_libraries_2018.1.163/linux/mpi/intel64/bin/mpif77'
ac_mpi_prog_MPIF90='/home/app/intel/compilers_and_libraries_2018.1.163/linux/mpi/intel64/bin/mpif90'
am__EXEEXT_FALSE=''
am__EXEEXT_TRUE='#'
am__isrc=''
am__leading_dot='.'
am__tar='$${TAR-tar} chof - "$$tardir"'
am__untar='$${TAR-tar} xf -'
bindir='${exec_prefix}/bin'
build='x86_64-pc-linux-gnu'
build_alias=''
build_cpu='x86_64'
build_os='linux-gnu'
build_vendor='pc'
datadir='${datarootdir}'
datarootdir='${prefix}/share'
docdir='${datarootdir}/doc/${PACKAGE_TARNAME}'
dvidir='${docdir}'
exec_prefix='${prefix}'
has_fortran='yes'
has_mpicxx='yes'
host='x86_64-pc-linux-gnu'
host_alias=''
host_cpu='x86_64'
host_os='linux-gnu'
host_vendor='pc'
htmldir='${docdir}'
includedir='${prefix}/include'
infodir='${datarootdir}/info'
install_sh='${SHELL} /home/gaopeng/git/OpenArray_Dev/install-sh'
libdir='${exec_prefix}/lib'
libexecdir='${exec_prefix}/libexec'
localedir='${datarootdir}/locale'
localstatedir='${prefix}/var'
mandir='${datarootdir}/man'
mkdir_p='$(MKDIR_P)'
oldincludedir='/usr/include'
pdfdir='${docdir}'
prefix='/home/gaopeng/install'
program_transform_name='s,x,x,'
psdir='${docdir}'
sbindir='${exec_prefix}/sbin'
sharedstatedir='${prefix}/com'
sysconfdir='${prefix}/etc'
target_alias=''

## ----------- ##
## confdefs.h. ##
## ----------- ##

/* confdefs.h */
#define PACKAGE_NAME "OpenArray"
#define PACKAGE_TARNAME "openarray"
#define PACKAGE_VERSION "1.0"
#define PACKAGE_STRING "OpenArray 1.0"
#define PACKAGE_BUGREPORT ""
#define PACKAGE_URL ""
#define HAVE_DECL_MPICH_VERSION 1
#define HAVE_DECL_MPICH2_VERSION 0
#define HAVE_DECL_OMPI_MAJOR_VERSION 0
#define HAVE_DECL_MVAPICH2_VERSION 0
#define STDC_HEADERS 1
#define HAVE_SYS_TYPES_H 1
#define HAVE_SYS_STAT_H 1
#define HAVE_STDLIB_H 1
#define HAVE_STRING_H 1
#define HAVE_MEMORY_H 1
#define HAVE_STRINGS_H 1
#define HAVE_INTTYPES_H 1
#define HAVE_STDINT_H 1
#define HAVE_UNISTD_H 1

configure: exit 0
